<?xml version="1.0" encoding="UTF-8"?>
<testsuite name="com.chatcontrol.actions.ActionRegistryTest" tests="7" skipped="0" failures="0" errors="0" timestamp="2026-09-03T16:00:35.052Z" hostname="PC" time="0.01">
  <properties/>
  <testcase name="testGetAllHandlers()" classname="com.chatcontrol.actions.ActionRegistryTest" time="0.003"/>
  <testcase name="testGetRegisteredNames()" classname="com.chatcontrol.actions.ActionRegistryTest" time="0.001"/>
  <testcase name="testRegisterOverwrite()" classname="com.chatcontrol.actions.ActionRegistryTest" time="0.0"/>
  <testcase name="testGetUnknown()" classname="com.chatcontrol.actions.ActionRegistryTest" time="0.0"/>
  <testcase name="testUniqueIds()" classname="com.chatcontrol.actions.ActionRegistryTest" time="0.003"/>
  <testcase name="testIsRegistered()" classname="com.chatcontrol.actions.ActionRegistryTest" time="0.0"/>
  <testcase name="testRegisterAndGet()" classname="com.chatcontrol.actions.ActionRegistryTest" time="0.0"/>
  <system-out><![CDATA[]]></system-out>
  <system-err><![CDATA[]]></system-err>
</testsuite>
