<?xml version="1.0" encoding="UTF-8"?>
<testsuite name="com.chatcontrol.actions.RandomEventLogicTest" tests="6" skipped="0" failures="0" errors="0" timestamp="2026-09-03T16:00:35.116Z" hostname="PC" time="0.005">
  <properties/>
  <testcase name="testDisabledActionsFiltered()" classname="com.chatcontrol.actions.RandomEventLogicTest" time="0.0"/>
  <testcase name="testSelectionFromValidList()" classname="com.chatcontrol.actions.RandomEventLogicTest" time="0.0"/>
  <testcase name="testInexistentActionsFiltered()" classname="com.chatcontrol.actions.RandomEventLogicTest" time="0.001"/>
  <testcase name="testSingleItemList()" classname="com.chatcontrol.actions.RandomEventLogicTest" time="0.0"/>
  <testcase name="testEmptyListHandled()" classname="com.chatcontrol.actions.RandomEventLogicTest" time="0.001"/>
  <testcase name="testRandomEventExcludesItself()" classname="com.chatcontrol.actions.RandomEventLogicTest" time="0.001"/>
  <system-out><![CDATA[]]></system-out>
  <system-err><![CDATA[]]></system-err>
</testsuite>
