<?xml version="1.0" encoding="UTF-8"?>
<testsuite name="com.chatcontrol.network.ProtocolIntegrationTest" tests="6" skipped="0" failures="0" errors="0" timestamp="2026-09-03T16:00:35.183Z" hostname="PC" time="0.004">
  <properties/>
  <testcase name="testActionResultToBridgeResponse()" classname="com.chatcontrol.network.ProtocolIntegrationTest" time="0.001"/>
  <testcase name="testRequestResponseRoundTrip()" classname="com.chatcontrol.network.ProtocolIntegrationTest" time="0.001"/>
  <testcase name="testRequestWithNullParams()" classname="com.chatcontrol.network.ProtocolIntegrationTest" time="0.0"/>
  <testcase name="testResponseWithMetadata()" classname="com.chatcontrol.network.ProtocolIntegrationTest" time="0.0"/>
  <testcase name="testRequestBackwardCompatibility()" classname="com.chatcontrol.network.ProtocolIntegrationTest" time="0.0"/>
  <testcase name="testErrorRoundTrip()" classname="com.chatcontrol.network.ProtocolIntegrationTest" time="0.001"/>
  <system-out><![CDATA[]]></system-out>
  <system-err><![CDATA[]]></system-err>
</testsuite>
