<?xml version="1.0" encoding="UTF-8"?>
<testsuite name="com.chatcontrol.protection.SafetyCheckerBasicTest" tests="13" skipped="0" failures="0" errors="0" timestamp="2026-09-03T16:00:35.187Z" hostname="PC" time="0.65">
  <properties/>
  <testcase name="testIsCommandSafeEmpty()" classname="com.chatcontrol.protection.SafetyCheckerBasicTest" time="0.002"/>
  <testcase name="testIsCommandSafeNull()" classname="com.chatcontrol.protection.SafetyCheckerBasicTest" time="0.0"/>
  <testcase name="testIsCommandSafeSafe()" classname="com.chatcontrol.protection.SafetyCheckerBasicTest" time="0.0"/>
  <testcase name="testChickensAmountValidation()" classname="com.chatcontrol.protection.SafetyCheckerBasicTest" time="0.0"/>
  <testcase name="testBlockedActions()" classname="com.chatcontrol.protection.SafetyCheckerBasicTest" time="0.638"/>
  <testcase name="testIsCommandSafeDangerous()" classname="com.chatcontrol.protection.SafetyCheckerBasicTest" time="0.001"/>
  <testcase name="testValidateParamsNull()" classname="com.chatcontrol.protection.SafetyCheckerBasicTest" time="0.0"/>
  <testcase name="testExplosionRadiusValidation()" classname="com.chatcontrol.protection.SafetyCheckerBasicTest" time="0.001"/>
  <testcase name="testRandomTeleportRadiusValidation()" classname="com.chatcontrol.protection.SafetyCheckerBasicTest" time="0.0"/>
  <testcase name="testBlindnessValidation()" classname="com.chatcontrol.protection.SafetyCheckerBasicTest" time="0.0"/>
  <testcase name="testSpidersAmountValidation()" classname="com.chatcontrol.protection.SafetyCheckerBasicTest" time="0.0"/>
  <testcase name="testSlownessValidation()" classname="com.chatcontrol.protection.SafetyCheckerBasicTest" time="0.0"/>
  <testcase name="testAllowedActions()" classname="com.chatcontrol.protection.SafetyCheckerBasicTest" time="0.001"/>
  <system-out><![CDATA[[18:00:35] [Test worker/WARN]: [ChatControl] Action 'stop_server' is permanently blocked.
[18:00:35] [Test worker/WARN]: [ChatControl] Action 'op_player' is permanently blocked.
[18:00:35] [Test worker/WARN]: [ChatControl] Action 'deop_player' is permanently blocked.
[18:00:35] [Test worker/WARN]: [ChatControl] Action 'ban_player' is permanently blocked.
[18:00:35] [Test worker/WARN]: [ChatControl] Action 'whitelist' is permanently blocked.
]]></system-out>
  <system-err><![CDATA[]]></system-err>
</testsuite>
