<?xml version="1.0" encoding="UTF-8"?>
<testsuite name="com.chatcontrol.network.AuthenticationManagerTest" tests="17" skipped="0" failures="0" errors="0" timestamp="2026-09-03T16:00:35.139Z" hostname="PC" time="0.016">
  <properties/>
  <testcase name="testTimeoutSeconds()" classname="com.chatcontrol.network.AuthenticationManagerTest" time="0.001"/>
  <testcase name="testEnabled()" classname="com.chatcontrol.network.AuthenticationManagerTest" time="0.0"/>
  <testcase name="testRateLimitingNotExceeded()" classname="com.chatcontrol.network.AuthenticationManagerTest" time="0.002"/>
  <testcase name="testRateLimitingDisabled()" classname="com.chatcontrol.network.AuthenticationManagerTest" time="0.001"/>
  <testcase name="testValidateTokenWhenDisabled()" classname="com.chatcontrol.network.AuthenticationManagerTest" time="0.001"/>
  <testcase name="testRemoveConnection()" classname="com.chatcontrol.network.AuthenticationManagerTest" time="0.001"/>
  <testcase name="testValidateTokenCorrect()" classname="com.chatcontrol.network.AuthenticationManagerTest" time="0.001"/>
  <testcase name="testConstantTimeComparison()" classname="com.chatcontrol.network.AuthenticationManagerTest" time="0.001"/>
  <testcase name="testClearFailedAttempts()" classname="com.chatcontrol.network.AuthenticationManagerTest" time="0.0"/>
  <testcase name="testRateLimitingBelowThreshold()" classname="com.chatcontrol.network.AuthenticationManagerTest" time="0.0"/>
  <testcase name="testValidateTokenWhenNoTokenConfigured()" classname="com.chatcontrol.network.AuthenticationManagerTest" time="0.0"/>
  <testcase name="testRateLimitingExceeded()" classname="com.chatcontrol.network.AuthenticationManagerTest" time="0.0"/>
  <testcase name="testValidateTokenNull()" classname="com.chatcontrol.network.AuthenticationManagerTest" time="0.001"/>
  <testcase name="testValidateTokenEmpty()" classname="com.chatcontrol.network.AuthenticationManagerTest" time="0.0"/>
  <testcase name="testDisabled()" classname="com.chatcontrol.network.AuthenticationManagerTest" time="0.0"/>
  <testcase name="testConnectionStateTransitions()" classname="com.chatcontrol.network.AuthenticationManagerTest" time="0.001"/>
  <testcase name="testValidateTokenIncorrect()" classname="com.chatcontrol.network.AuthenticationManagerTest" time="0.001"/>
  <system-out><![CDATA[]]></system-out>
  <system-err><![CDATA[]]></system-err>
</testsuite>
