<?xml version="1.0" encoding="UTF-8"?>
<testsuite name="com.chatcontrol.actions.ActionParametersTest" tests="12" skipped="0" failures="0" errors="0" timestamp="2026-09-03T16:00:35.016Z" hostname="PC" time="0.031">
  <properties/>
  <testcase name="testGetFloat()" classname="com.chatcontrol.actions.ActionParametersTest" time="0.019"/>
  <testcase name="testHas()" classname="com.chatcontrol.actions.ActionParametersTest" time="0.001"/>
  <testcase name="testFromMap()" classname="com.chatcontrol.actions.ActionParametersTest" time="0.001"/>
  <testcase name="testGetBoolean()" classname="com.chatcontrol.actions.ActionParametersTest" time="0.001"/>
  <testcase name="testGetWithDefault()" classname="com.chatcontrol.actions.ActionParametersTest" time="0.0"/>
  <testcase name="testSetAndGet()" classname="com.chatcontrol.actions.ActionParametersTest" time="0.0"/>
  <testcase name="testGetIntInvalid()" classname="com.chatcontrol.actions.ActionParametersTest" time="0.001"/>
  <testcase name="testGetFloatInvalid()" classname="com.chatcontrol.actions.ActionParametersTest" time="0.0"/>
  <testcase name="testGetAll()" classname="com.chatcontrol.actions.ActionParametersTest" time="0.001"/>
  <testcase name="testGetInt()" classname="com.chatcontrol.actions.ActionParametersTest" time="0.001"/>
  <testcase name="testFromNullMap()" classname="com.chatcontrol.actions.ActionParametersTest" time="0.001"/>
  <testcase name="testNullValue()" classname="com.chatcontrol.actions.ActionParametersTest" time="0.001"/>
  <system-out><![CDATA[]]></system-out>
  <system-err><![CDATA[]]></system-err>
</testsuite>
