<?xml version="1.0" encoding="UTF-8"?>
<testsuite name="com.chatcontrol.network.BridgeRequestTest" tests="7" skipped="0" failures="0" errors="0" timestamp="2026-09-03T16:00:35.155Z" hostname="PC" time="0.013">
  <properties/>
  <testcase name="testFromJsonBasic()" classname="com.chatcontrol.network.BridgeRequestTest" time="0.006"/>
  <testcase name="testFromJsonPlayerAlias()" classname="com.chatcontrol.network.BridgeRequestTest" time="0.001"/>
  <testcase name="testHasValidProtocolVersion()" classname="com.chatcontrol.network.BridgeRequestTest" time="0.0"/>
  <testcase name="testFromJsonWithAllFields()" classname="com.chatcontrol.network.BridgeRequestTest" time="0.001"/>
  <testcase name="testFromJsonMinimal()" classname="com.chatcontrol.network.BridgeRequestTest" time="0.0"/>
  <testcase name="testToJson()" classname="com.chatcontrol.network.BridgeRequestTest" time="0.0"/>
  <testcase name="testFromJsonNullFields()" classname="com.chatcontrol.network.BridgeRequestTest" time="0.001"/>
  <system-out><![CDATA[]]></system-out>
  <system-err><![CDATA[]]></system-err>
</testsuite>
