<?xml version="1.0" encoding="UTF-8"?>
<testsuite name="com.chatcontrol.network.BridgeResponseTest" tests="9" skipped="0" failures="0" errors="0" timestamp="2026-09-03T16:00:35.170Z" hostname="PC" time="0.012">
  <properties/>
  <testcase name="testToJsonSuccess()" classname="com.chatcontrol.network.BridgeResponseTest" time="0.005"/>
  <testcase name="testProtocolVersionConstant()" classname="com.chatcontrol.network.BridgeResponseTest" time="0.0"/>
  <testcase name="testAllErrorCodes()" classname="com.chatcontrol.network.BridgeResponseTest" time="0.002"/>
  <testcase name="testSuccessResponse()" classname="com.chatcontrol.network.BridgeResponseTest" time="0.0"/>
  <testcase name="testErrorResponseDefaultMessage()" classname="com.chatcontrol.network.BridgeResponseTest" time="0.0"/>
  <testcase name="testErrorResponse()" classname="com.chatcontrol.network.BridgeResponseTest" time="0.001"/>
  <testcase name="testErrorCodesUnique()" classname="com.chatcontrol.network.BridgeResponseTest" time="0.0"/>
  <testcase name="testErrorCodesHaveMessages()" classname="com.chatcontrol.network.BridgeResponseTest" time="0.0"/>
  <testcase name="testToJsonError()" classname="com.chatcontrol.network.BridgeResponseTest" time="0.001"/>
  <system-out><![CDATA[]]></system-out>
  <system-err><![CDATA[]]></system-err>
</testsuite>
