<?xml version="1.0" encoding="UTF-8"?>
<testsuite name="com.chatcontrol.actions.ChickensBypassTest" tests="7" skipped="0" failures="0" errors="0" timestamp="2026-09-03T16:00:35.069Z" hostname="PC" time="0.008">
  <properties/>
  <testcase name="testDefaultBypassMethodsReturnFalse()" classname="com.chatcontrol.actions.ChickensBypassTest" time="0.001"/>
  <testcase name="testAllRegisteredActionsExist()" classname="com.chatcontrol.actions.ChickensBypassTest" time="0.002"/>
  <testcase name="testChickensCooldownIsZero()" classname="com.chatcontrol.actions.ChickensBypassTest" time="0.0"/>
  <testcase name="testChickensBypassesRateLimit()" classname="com.chatcontrol.actions.ChickensBypassTest" time="0.0"/>
  <testcase name="testChickensBypassesCooldown()" classname="com.chatcontrol.actions.ChickensBypassTest" time="0.0"/>
  <testcase name="testChickensNotDangerous()" classname="com.chatcontrol.actions.ChickensBypassTest" time="0.0"/>
  <testcase name="testNormalActionsDoNotBypass()" classname="com.chatcontrol.actions.ChickensBypassTest" time="0.001"/>
  <system-out><![CDATA[]]></system-out>
  <system-err><![CDATA[]]></system-err>
</testsuite>
