<?xml version="1.0" encoding="UTF-8"?>
<testsuite name="com.chatcontrol.actions.RateLimitConcurrencyTest" tests="3" skipped="0" failures="0" errors="0" timestamp="2026-09-03T16:00:35.121Z" hostname="PC" time="0.011">
  <properties/>
  <testcase name="testAtomicIntegerThreadSafety()" classname="com.chatcontrol.actions.RateLimitConcurrencyTest" time="0.003"/>
  <testcase name="testAtomicLongCAS()" classname="com.chatcontrol.actions.RateLimitConcurrencyTest" time="0.001"/>
  <testcase name="testConcurrentIncrements()" classname="com.chatcontrol.actions.RateLimitConcurrencyTest" time="0.005"/>
  <system-out><![CDATA[]]></system-out>
  <system-err><![CDATA[]]></system-err>
</testsuite>
