<?xml version="1.0" encoding="UTF-8"?>
<testsuite name="com.chatcontrol.actions.SpawnConfigTest" tests="6" skipped="0" failures="0" errors="0" timestamp="2026-09-03T16:00:35.134Z" hostname="PC" time="0.002">
  <properties/>
  <testcase name="testToString()" classname="com.chatcontrol.actions.SpawnConfigTest" time="0.0"/>
  <testcase name="testZeroMaxAttemptsClampedToOne()" classname="com.chatcontrol.actions.SpawnConfigTest" time="0.0"/>
  <testcase name="testNegativeMaxAttemptsClampedToOne()" classname="com.chatcontrol.actions.SpawnConfigTest" time="0.0"/>
  <testcase name="testDefaults()" classname="com.chatcontrol.actions.SpawnConfigTest" time="0.001"/>
  <testcase name="testCustomValues()" classname="com.chatcontrol.actions.SpawnConfigTest" time="0.0"/>
  <testcase name="testNegativeMinDistanceClampedToZero()" classname="com.chatcontrol.actions.SpawnConfigTest" time="0.0"/>
  <system-out><![CDATA[]]></system-out>
  <system-err><![CDATA[]]></system-err>
</testsuite>
