<?xml version="1.0" encoding="UTF-8"?>
<testsuite name="com.chatcontrol.actions.ChunkPositionHelperTest" tests="27" skipped="0" failures="0" errors="0" timestamp="2026-09-03T16:00:35.080Z" hostname="PC" time="0.035">
  <properties/>
  <testcase name="testMeetsMinDistanceZeroAlwaysTrue()" classname="com.chatcontrol.actions.ChunkPositionHelperTest" time="0.001"/>
  <testcase name="testIsInsideChunkFalse()" classname="com.chatcontrol.actions.ChunkPositionHelperTest" time="0.0"/>
  <testcase name="testFindRandomPositionInChunkEdgeStreamer()" classname="com.chatcontrol.actions.ChunkPositionHelperTest" time="0.004"/>
  <testcase name="testFindRandomPositionInChunkVaries()" classname="com.chatcontrol.actions.ChunkPositionHelperTest" time="0.001"/>
  <testcase name="testEncodeDecodePositionLargeValues()" classname="com.chatcontrol.actions.ChunkPositionHelperTest" time="0.0"/>
  <testcase name="testRandomZInChunkStaysInside()" classname="com.chatcontrol.actions.ChunkPositionHelperTest" time="0.001"/>
  <testcase name="testMeetsMinDistance()" classname="com.chatcontrol.actions.ChunkPositionHelperTest" time="0.0"/>
  <testcase name="testEncodeDecodePosition()" classname="com.chatcontrol.actions.ChunkPositionHelperTest" time="0.0"/>
  <testcase name="testFindRandomPositionInChunkAlwaysInsideChunk()" classname="com.chatcontrol.actions.ChunkPositionHelperTest" time="0.004"/>
  <testcase name="testHorizontalDistance()" classname="com.chatcontrol.actions.ChunkPositionHelperTest" time="0.001"/>
  <testcase name="testFindRandomPositionInChunkCornerStreamer()" classname="com.chatcontrol.actions.ChunkPositionHelperTest" time="0.001"/>
  <testcase name="testEncodeDecodePositionZero()" classname="com.chatcontrol.actions.ChunkPositionHelperTest" time="0.0"/>
  <testcase name="testRandomXInChunkStaysInside()" classname="com.chatcontrol.actions.ChunkPositionHelperTest" time="0.001"/>
  <testcase name="testIsValidY()" classname="com.chatcontrol.actions.ChunkPositionHelperTest" time="0.001"/>
  <testcase name="testChunkStartBlockX()" classname="com.chatcontrol.actions.ChunkPositionHelperTest" time="0.0"/>
  <testcase name="testChunkStartBlockZ()" classname="com.chatcontrol.actions.ChunkPositionHelperTest" time="0.0"/>
  <testcase name="testChunkEndBlockX()" classname="com.chatcontrol.actions.ChunkPositionHelperTest" time="0.001"/>
  <testcase name="testChunkEndBlockZ()" classname="com.chatcontrol.actions.ChunkPositionHelperTest" time="0.0"/>
  <testcase name="testRandomXInChunkNegativeChunk()" classname="com.chatcontrol.actions.ChunkPositionHelperTest" time="0.002"/>
  <testcase name="testClampY()" classname="com.chatcontrol.actions.ChunkPositionHelperTest" time="0.001"/>
  <testcase name="testIsInsideChunkTrue()" classname="com.chatcontrol.actions.ChunkPositionHelperTest" time="0.0"/>
  <testcase name="testFindRandomPositionInChunkNeverExitsChunk()" classname="com.chatcontrol.actions.ChunkPositionHelperTest" time="0.005"/>
  <testcase name="testChunkZFromBlock()" classname="com.chatcontrol.actions.ChunkPositionHelperTest" time="0.0"/>
  <testcase name="testFindRandomPositionInChunkRespectsMinDistance()" classname="com.chatcontrol.actions.ChunkPositionHelperTest" time="0.0"/>
  <testcase name="testIsInsideChunkCrossChunkBoundary()" classname="com.chatcontrol.actions.ChunkPositionHelperTest" time="0.001"/>
  <testcase name="testChunkXFromBlock()" classname="com.chatcontrol.actions.ChunkPositionHelperTest" time="0.001"/>
  <testcase name="testEncodeDecodePositionNegative()" classname="com.chatcontrol.actions.ChunkPositionHelperTest" time="0.0"/>
  <system-out><![CDATA[]]></system-out>
  <system-err><![CDATA[]]></system-err>
</testsuite>
