<?xml version="1.0" encoding="UTF-8"?>
<testsuite name="com.chatcontrol.state.SystemStateTest" tests="6" skipped="0" failures="0" errors="0" timestamp="2026-09-03T16:00:35.838Z" hostname="PC" time="0.005">
  <properties/>
  <testcase name="testReset()" classname="com.chatcontrol.state.SystemStateTest" time="0.002"/>
  <testcase name="testEnableDisable()" classname="com.chatcontrol.state.SystemStateTest" time="0.0"/>
  <testcase name="testInitialState()" classname="com.chatcontrol.state.SystemStateTest" time="0.001"/>
  <testcase name="testLastActionUser()" classname="com.chatcontrol.state.SystemStateTest" time="0.001"/>
  <testcase name="testIncrementActionsExecuted()" classname="com.chatcontrol.state.SystemStateTest" time="0.0"/>
  <testcase name="testUptimeWhenDisabled()" classname="com.chatcontrol.state.SystemStateTest" time="0.001"/>
  <system-out><![CDATA[]]></system-out>
  <system-err><![CDATA[]]></system-err>
</testsuite>
