<?xml version="1.0" encoding="UTF-8"?>
<testsuite name="com.chatcontrol.actions.ActionResultTest" tests="4" skipped="0" failures="0" errors="0" timestamp="2026-09-03T16:00:35.064Z" hostname="PC" time="0.003">
  <properties/>
  <testcase name="testToStringFailure()" classname="com.chatcontrol.actions.ActionResultTest" time="0.002"/>
  <testcase name="testFailure()" classname="com.chatcontrol.actions.ActionResultTest" time="0.0"/>
  <testcase name="testToStringSuccess()" classname="com.chatcontrol.actions.ActionResultTest" time="0.0"/>
  <testcase name="testSuccess()" classname="com.chatcontrol.actions.ActionResultTest" time="0.0"/>
  <system-out><![CDATA[]]></system-out>
  <system-err><![CDATA[]]></system-err>
</testsuite>
